00:44:59 INFO  : Launching XSCT server: xsct.bat -n  -interactive D:\VIVADO_Project\ECE520\ECE_520_Final_Project\software\temp_xsdb_launch_script.tcl
00:44:59 INFO  : Registering command handlers for Vitis TCF services
00:44:59 INFO  : Platform repository initialization has completed.
00:45:05 INFO  : XSCT server has started successfully.
00:45:05 INFO  : Successfully done setting XSCT server connection channel  
00:45:05 INFO  : plnx-install-location is set to ''
00:45:05 INFO  : Successfully done query RDI_DATADIR 
00:45:05 INFO  : Successfully done setting workspace for the tool. 
00:46:33 INFO  : Result from executing command 'getProjects': kypd_wrapper
00:46:33 INFO  : Result from executing command 'getPlatforms': 
00:46:33 WARN  : An unexpected exception occurred in the module 'platform project logging'
00:46:34 INFO  : Platform 'kypd_wrapper' is added to custom repositories.
00:46:55 INFO  : Platform 'kypd_wrapper' is added to custom repositories.
00:56:41 INFO  : Checking for BSP changes to sync application flags for project 'keypad'...
00:56:41 INFO  : Result from executing command 'getProjects': RemoteSystemsTempFiles;keypad;keypad_system;kypd_wrapper
00:56:41 WARN  : Failed to closehw "D:/VIVADO_Project/ECE520/ECE_520_Final_Project/software/kypd_wrapper/export/kypd_wrapper/hw/kypd_wrapper.xsa"
Reason: D:/VIVADO_Project/ECE520/ECE_520_Final_Project/software/kypd_wrapper/export/kypd_wrapper/hw/kypd_wrapper.xsa is not available in the current workspace
use 'getprojects' command to see list of available projects in current workspace
00:56:41 INFO  : Result from executing command 'getProjects': RemoteSystemsTempFiles;keypad;keypad_system;kypd_wrapper
00:56:41 ERROR : Failed to openhw "D:/VIVADO_Project/ECE520/ECE_520_Final_Project/software/kypd_wrapper/export/kypd_wrapper/hw/kypd_wrapper.xsa"
Reason: D:/VIVADO_Project/ECE520/ECE_520_Final_Project/software/kypd_wrapper/export/kypd_wrapper/hw/kypd_wrapper.xsa is not available in the current workspace
use 'getprojects' command to see list of available projects in current workspace
00:56:41 ERROR : Failed to update application flags from BSP for 'keypad'. Reason: null
java.lang.NullPointerException
	at com.xilinx.sdx.sw.internal.SDxSwPlatform.<init>(SDxSwPlatform.java:305)
	at com.xilinx.sdx.sw.internal.SDxSwPlatform.create(SDxSwPlatform.java:214)
	at com.xilinx.sdx.sdk.core.util.SdkPlatformHelper.getSwPlatform(SdkPlatformHelper.java:61)
	at com.xilinx.sdx.sdk.core.build.SdkMakefileGenerationListener.getSwPlatform(SdkMakefileGenerationListener.java:160)
	at com.xilinx.sdx.sdk.core.build.SdkMakefileGenerationListener.syncAppFlags(SdkMakefileGenerationListener.java:78)
	at com.xilinx.sdx.sdk.core.build.SdkMakefileGenerationListener.preMakefileGeneration(SdkMakefileGenerationListener.java:48)
	at com.xilinx.sdk.managedbuilder.XilinxGnuMakefileGenerator.notifyPreMakefileGenerationListeners(XilinxGnuMakefileGenerator.java:91)
	at com.xilinx.sdk.managedbuilder.XilinxGnuMakefileGenerator.regenerateMakefiles(XilinxGnuMakefileGenerator.java:75)
	at org.eclipse.cdt.managedbuilder.internal.core.CommonBuilder.performMakefileGeneration(CommonBuilder.java:1006)
	at org.eclipse.cdt.managedbuilder.internal.core.CommonBuilder.performPrebuildGeneration(CommonBuilder.java:873)
	at org.eclipse.cdt.managedbuilder.internal.core.CommonBuilder.build(CommonBuilder.java:748)
	at org.eclipse.cdt.managedbuilder.internal.core.CommonBuilder.build(CommonBuilder.java:513)
	at org.eclipse.cdt.managedbuilder.internal.core.CommonBuilder.build(CommonBuilder.java:459)
	at org.eclipse.core.internal.events.BuildManager$2.run(BuildManager.java:832)
	at org.eclipse.core.runtime.SafeRunner.run(SafeRunner.java:45)
	at org.eclipse.core.internal.events.BuildManager.basicBuild(BuildManager.java:220)
	at org.eclipse.core.internal.events.BuildManager.basicBuild(BuildManager.java:263)
	at org.eclipse.core.internal.events.BuildManager$1.run(BuildManager.java:316)
	at org.eclipse.core.runtime.SafeRunner.run(SafeRunner.java:45)
	at org.eclipse.core.internal.events.BuildManager.basicBuild(BuildManager.java:319)
	at org.eclipse.core.internal.events.BuildManager.basicBuildLoop(BuildManager.java:371)
	at org.eclipse.core.internal.events.BuildManager.build(BuildManager.java:392)
	at org.eclipse.core.internal.resources.Workspace.buildInternal(Workspace.java:515)
	at org.eclipse.core.internal.resources.Workspace.build(Workspace.java:412)
	at org.eclipse.ui.actions.BuildAction$1.runInWorkspace(BuildAction.java:291)
	at org.eclipse.core.internal.resources.InternalWorkspaceJob.run(InternalWorkspaceJob.java:42)
	at org.eclipse.core.internal.jobs.Worker.run(Worker.java:63)
01:01:08 INFO  : Result from executing command 'getProjects': kypd_wrapper
01:01:08 INFO  : Result from executing command 'getPlatforms': kypd_wrapper|D:/VIVADO_Project/ECE520/ECE_520_Final_Project/software/kypd_wrapper/export/kypd_wrapper/kypd_wrapper.xpfm
01:01:09 INFO  : Checking for BSP changes to sync application flags for project 'keypad'...
13:42:41 INFO  : Launching XSCT server: xsct.bat -n  -interactive D:\VIVADO_Project\ECE520\ECE_520_Final_Project\software\temp_xsdb_launch_script.tcl
13:42:47 INFO  : Platform repository initialization has completed.
13:42:48 INFO  : Registering command handlers for Vitis TCF services
13:42:49 INFO  : XSCT server has started successfully.
13:42:53 INFO  : Successfully done setting XSCT server connection channel  
13:42:53 INFO  : plnx-install-location is set to ''
13:42:53 INFO  : Successfully done query RDI_DATADIR 
13:42:53 INFO  : Successfully done setting workspace for the tool. 
13:43:16 INFO  : Checking for BSP changes to sync application flags for project 'keypad'...
13:43:44 INFO  : Connected to target on host '127.0.0.1' and port '3121'.
13:43:45 INFO  : Jtag cable 'Digilent Zybo Z7 210351B105DFA' is selected.
13:43:45 INFO  : 'jtag frequency' command is executed.
13:43:45 INFO  : Context for 'APU' is selected.
13:43:45 INFO  : System reset is completed.
13:43:48 INFO  : 'after 3000' command is executed.
13:43:48 INFO  : 'targets -set -filter {jtag_cable_name =~ "Digilent Zybo Z7 210351B105DFA" && level==0 && jtag_device_ctx=="jsn-Zybo Z7-210351B105DFA-23727093-0"}' command is executed.
13:43:51 INFO  : Device configured successfully with "D:/VIVADO_Project/ECE520/ECE_520_Final_Project/software/keypad/_ide/bitstream/kypd_wrapper.bit"
13:43:51 INFO  : Context for 'APU' is selected.
13:43:51 INFO  : Hardware design and registers information is loaded from 'D:/VIVADO_Project/ECE520/ECE_520_Final_Project/software/kypd_wrapper/export/kypd_wrapper/hw/kypd_wrapper.xsa'.
13:43:51 INFO  : 'configparams force-mem-access 1' command is executed.
13:43:51 INFO  : Context for 'APU' is selected.
13:43:51 INFO  : Sourcing of 'D:/VIVADO_Project/ECE520/ECE_520_Final_Project/software/keypad/_ide/psinit/ps7_init.tcl' is done.
13:43:52 INFO  : 'ps7_init' command is executed.
13:43:52 INFO  : 'ps7_post_config' command is executed.
13:43:52 INFO  : Context for processor 'ps7_cortexa9_0' is selected.
13:43:52 INFO  : The application 'D:/VIVADO_Project/ECE520/ECE_520_Final_Project/software/keypad/Debug/keypad.elf' is downloaded to processor 'ps7_cortexa9_0'.
13:43:53 INFO  : 'configparams force-mem-access 0' command is executed.
13:43:53 INFO  : ----------------XSDB Script----------------
connect -url tcp:127.0.0.1:3121
targets -set -nocase -filter {name =~"APU*"}
rst -system
after 3000
targets -set -filter {jtag_cable_name =~ "Digilent Zybo Z7 210351B105DFA" && level==0 && jtag_device_ctx=="jsn-Zybo Z7-210351B105DFA-23727093-0"}
fpga -file D:/VIVADO_Project/ECE520/ECE_520_Final_Project/software/keypad/_ide/bitstream/kypd_wrapper.bit
targets -set -nocase -filter {name =~"APU*"}
loadhw -hw D:/VIVADO_Project/ECE520/ECE_520_Final_Project/software/kypd_wrapper/export/kypd_wrapper/hw/kypd_wrapper.xsa -mem-ranges [list {0x40000000 0xbfffffff}] -regs
configparams force-mem-access 1
targets -set -nocase -filter {name =~"APU*"}
source D:/VIVADO_Project/ECE520/ECE_520_Final_Project/software/keypad/_ide/psinit/ps7_init.tcl
ps7_init
ps7_post_config
targets -set -nocase -filter {name =~ "*A9*#0"}
dow D:/VIVADO_Project/ECE520/ECE_520_Final_Project/software/keypad/Debug/keypad.elf
configparams force-mem-access 0
----------------End of Script----------------

13:43:53 INFO  : Context for processor 'ps7_cortexa9_0' is selected.
13:43:53 INFO  : 'con' command is executed.
13:43:53 INFO  : ----------------XSDB Script (After Launch)----------------
targets -set -nocase -filter {name =~ "*A9*#0"}
con
----------------End of Script----------------

13:43:53 INFO  : Disconnected from the channel tcfchan#1.
13:45:54 INFO  : Connected to target on host '127.0.0.1' and port '3121'.
13:45:55 INFO  : Jtag cable 'Digilent Zybo Z7 210351B105DFA' is selected.
13:45:55 INFO  : 'jtag frequency' command is executed.
13:45:55 INFO  : Context for 'APU' is selected.
13:45:55 INFO  : System reset is completed.
13:45:58 INFO  : 'after 3000' command is executed.
13:45:58 INFO  : 'targets -set -filter {jtag_cable_name =~ "Digilent Zybo Z7 210351B105DFA" && level==0 && jtag_device_ctx=="jsn-Zybo Z7-210351B105DFA-23727093-0"}' command is executed.
13:46:00 INFO  : Device configured successfully with "D:/VIVADO_Project/ECE520/ECE_520_Final_Project/software/keypad/_ide/bitstream/kypd_wrapper.bit"
13:46:00 INFO  : Context for 'APU' is selected.
13:46:04 INFO  : Hardware design and registers information is loaded from 'D:/VIVADO_Project/ECE520/ECE_520_Final_Project/software/kypd_wrapper/export/kypd_wrapper/hw/kypd_wrapper.xsa'.
13:46:04 INFO  : 'configparams force-mem-access 1' command is executed.
13:46:04 INFO  : Context for 'APU' is selected.
13:46:04 INFO  : Sourcing of 'D:/VIVADO_Project/ECE520/ECE_520_Final_Project/software/keypad/_ide/psinit/ps7_init.tcl' is done.
13:46:04 INFO  : 'ps7_init' command is executed.
13:46:04 INFO  : 'ps7_post_config' command is executed.
13:46:05 INFO  : Context for processor 'ps7_cortexa9_0' is selected.
13:46:05 INFO  : The application 'D:/VIVADO_Project/ECE520/ECE_520_Final_Project/software/keypad/Debug/keypad.elf' is downloaded to processor 'ps7_cortexa9_0'.
13:46:05 INFO  : 'configparams force-mem-access 0' command is executed.
13:46:05 INFO  : ----------------XSDB Script----------------
connect -url tcp:127.0.0.1:3121
targets -set -nocase -filter {name =~"APU*"}
rst -system
after 3000
targets -set -filter {jtag_cable_name =~ "Digilent Zybo Z7 210351B105DFA" && level==0 && jtag_device_ctx=="jsn-Zybo Z7-210351B105DFA-23727093-0"}
fpga -file D:/VIVADO_Project/ECE520/ECE_520_Final_Project/software/keypad/_ide/bitstream/kypd_wrapper.bit
targets -set -nocase -filter {name =~"APU*"}
loadhw -hw D:/VIVADO_Project/ECE520/ECE_520_Final_Project/software/kypd_wrapper/export/kypd_wrapper/hw/kypd_wrapper.xsa -mem-ranges [list {0x40000000 0xbfffffff}] -regs
configparams force-mem-access 1
targets -set -nocase -filter {name =~"APU*"}
source D:/VIVADO_Project/ECE520/ECE_520_Final_Project/software/keypad/_ide/psinit/ps7_init.tcl
ps7_init
ps7_post_config
targets -set -nocase -filter {name =~ "*A9*#0"}
dow D:/VIVADO_Project/ECE520/ECE_520_Final_Project/software/keypad/Debug/keypad.elf
configparams force-mem-access 0
----------------End of Script----------------

13:46:05 INFO  : Context for processor 'ps7_cortexa9_0' is selected.
13:46:05 INFO  : 'con' command is executed.
13:46:05 INFO  : ----------------XSDB Script (After Launch)----------------
targets -set -nocase -filter {name =~ "*A9*#0"}
con
----------------End of Script----------------

13:46:05 INFO  : Disconnected from the channel tcfchan#2.
01:38:01 INFO  : Launching XSCT server: xsct.bat -n  -interactive D:\VIVADO_Project\ECE520\ECE_520_Final_Project\software\temp_xsdb_launch_script.tcl
01:38:06 INFO  : XSCT server has started successfully.
01:38:06 INFO  : Successfully done setting XSCT server connection channel  
01:38:06 INFO  : plnx-install-location is set to ''
01:38:06 INFO  : Successfully done setting workspace for the tool. 
01:38:06 INFO  : Platform repository initialization has completed.
01:38:06 INFO  : Registering command handlers for Vitis TCF services
01:38:07 INFO  : Successfully done query RDI_DATADIR 
